{
  "RSpec": {
    "coverage": {
      "/home/fld/wadror2015/ratebeer/app/controllers/sessions_controller.rb": [
        1,
        1,
        null,
        null,
        null,
        1,
        4,
        4,
        3,
        3,
        null,
        1,
        null,
        null,
        null,
        1,
        0,
        0,
        null,
        null
      ],
      "/home/fld/wadror2015/ratebeer/app/controllers/application_controller.rb": [
        1,
        null,
        null,
        1,
        null,
        1,
        null,
        1,
        26,
        23,
        null,
        null,
        1,
        0,
        null,
        null
      ],
      "/home/fld/wadror2015/ratebeer/app/controllers/users_controller.rb": [
        1,
        1,
        null,
        null,
        null,
        1,
        0,
        null,
        null,
        null,
        null,
        1,
        8,
        null,
        null,
        null,
        1,
        1,
        null,
        null,
        null,
        1,
        null,
        null,
        null,
        null,
        1,
        1,
        null,
        1,
        1,
        2,
        1,
        null,
        0,
        0,
        null,
        null,
        null,
        null,
        null,
        null,
        1,
        0,
        0,
        0,
        0,
        null,
        0,
        0,
        null,
        null,
        null,
        null,
        null,
        null,
        1,
        0,
        0,
        0,
        0,
        0,
        null,
        null,
        null,
        1,
        null,
        1,
        8,
        null,
        null,
        null,
        1,
        1,
        null,
        null
      ],
      "/home/fld/wadror2015/ratebeer/app/models/beerclub.rb": [
        1,
        1,
        1,
        null
      ],
      "/home/fld/wadror2015/ratebeer/app/models/membership.rb": [
        1,
        1,
        1,
        null
      ],
      "/home/fld/wadror2015/ratebeer/app/models/brewery.rb": [
        1,
        1,
        null,
        1,
        null,
        1,
        null,
        1,
        1,
        null,
        1,
        3,
        0,
        null,
        null,
        null
      ],
      "/home/fld/wadror2015/ratebeer/app/models/beer.rb": [
        1,
        1,
        null,
        1,
        1,
        null,
        1,
        1,
        1,
        null,
        1,
        5,
        null,
        null
      ],
      "/home/fld/wadror2015/ratebeer/app/controllers/ratings_controller.rb": [
        1,
        1,
        0,
        null,
        null,
        1,
        0,
        0,
        null,
        null,
        1,
        0,
        null,
        0,
        0,
        null,
        0,
        null,
        0,
        0,
        null,
        null,
        null,
        1,
        1,
        1,
        1,
        null,
        null
      ]
    },
    "timestamp": 1423429239
  }
}
